<!DOCTYPE html>

<html>
  <head>
  <meta charset='utf-8'>
  <title>TestNG reports</title>

    <link type="text/css" href="testng-reports1.css" rel="stylesheet" id="ultra" />
    <link type="text/css" href="testng-reports.css" rel="stylesheet" id="retro" disabled="false"/>
    <script type="text/javascript" src="jquery-3.6.0.min.js"></script>
    <script type="text/javascript" src="testng-reports.js"></script>
    <script type="text/javascript" src="https://www.google.com/jsapi"></script>
    <script type='text/javascript'>
      google.load('visualization', '1', {packages:['table']});
      google.setOnLoadCallback(drawTable);
      var suiteTableInitFunctions = new Array();
      var suiteTableData = new Array();
    </script>
    <!--
      <script type="text/javascript" src="jquery-ui/js/jquery-ui-1.8.16.custom.min.js"></script>
     -->
  </head>

  <body>    <div class="top-banner-root">
      <span class="top-banner-title-font">Test results</span>
      <button id="button" class="button">Switch Retro Theme</button> <!-- button -->
      <br/>
      <span class="top-banner-font-1">1 suite, 9 failed tests</span>
    </div> <!-- top-banner-root -->
    <div class="navigator-root">
      <div class="navigator-suite-header">
        <span>All suites</span>
        <a href="#" title="Collapse/expand all the suites" class="collapse-all-link">
          <img src="collapseall.gif" class="collapse-all-icon">
          </img> <!-- collapse-all-icon -->
        </a> <!-- collapse-all-link -->
      </div> <!-- navigator-suite-header -->
      <div class="suite">
        <div class="rounded-window">
          <div class="suite-header light-rounded-window-top">
            <a href="#" panel-name="suite-Suite" class="navigator-link">
              <span class="suite-name border-failed">Suite</span>
            </a> <!-- navigator-link -->
          </div> <!-- suite-header light-rounded-window-top -->
          <div class="navigator-suite-content">
            <div class="suite-section-title">
              <span>Info</span>
            </div> <!-- suite-section-title -->
            <div class="suite-section-content">
              <ul>
                <li>
                  <a href="#" panel-name="test-xml-Suite" class="navigator-link ">
                    <span>D:\Personal workspace\RestApiTestGit\testng.xml</span>
                  </a> <!-- navigator-link  -->
                </li>
                <li>
                  <a href="#" panel-name="testlist-Suite" class="navigator-link ">
                    <span class="test-stats">1 test</span>
                  </a> <!-- navigator-link  -->
                </li>
                <li>
                  <a href="#" panel-name="group-Suite" class="navigator-link ">
                    <span>0 groups</span>
                  </a> <!-- navigator-link  -->
                </li>
                <li>
                  <a href="#" panel-name="times-Suite" class="navigator-link ">
                    <span>Times</span>
                  </a> <!-- navigator-link  -->
                </li>
                <li>
                  <a href="#" panel-name="reporter-Suite" class="navigator-link ">
                    <span>Reporter output</span>
                  </a> <!-- navigator-link  -->
                </li>
                <li>
                  <a href="#" panel-name="ignored-methods-Suite" class="navigator-link ">
                    <span>Ignored methods</span>
                  </a> <!-- navigator-link  -->
                </li>
                <li>
                  <a href="#" panel-name="chronological-Suite" class="navigator-link ">
                    <span>Chronological view</span>
                  </a> <!-- navigator-link  -->
                </li>
              </ul>
            </div> <!-- suite-section-content -->
            <div class="result-section">
              <div class="suite-section-title">
                <span>Results</span>
              </div> <!-- suite-section-title -->
              <div class="suite-section-content">
                <ul>
                  <li>
                    <span class="method-stats">38 methods, 9 failed,   29 passed</span>
                  </li>
                  <li>
                    <span class="method-list-title failed">Failed methods</span>
                    <span class="show-or-hide-methods failed">
                      <a href="#" panel-name="suite-Suite" class="hide-methods failed suite-Suite"> (hide)</a> <!-- hide-methods failed suite-Suite -->
                      <a href="#" panel-name="suite-Suite" class="show-methods failed suite-Suite"> (show)</a> <!-- show-methods failed suite-Suite -->
                    </span>
                    <div class="method-list-content failed suite-Suite">
                      <span>
                        <img src="failed.png" width="3%"/>
                        <a href="#" panel-name="suite-Suite" title="testcases.ProductDataDrivenTest" class="method navigator-link" hash-for-method="testAddNewProduct({title=Smart Watch, price=129.99, description=Fitness smartwatch with heart rate monitor and GPS., i...)">testAddNewProduct({title=Smart Watch, price=129.99, description=Fitness smartwatch with heart rate monitor and GPS., i...)</a> <!-- method navigator-link -->
                      </span>
                      <br/>
                      <span>
                        <img src="failed.png" width="3%"/>
                        <a href="#" panel-name="suite-Suite" title="testcases.ProductTests" class="method navigator-link" hash-for-method="testAddNewProduct">testAddNewProduct</a> <!-- method navigator-link -->
                      </span>
                      <br/>
                      <span>
                        <img src="failed.png" width="3%"/>
                        <a href="#" panel-name="suite-Suite" title="testcases.ProductDataDrivenTest" class="method navigator-link" hash-for-method="testAddNewProduct({title=Portable Speaker, price=39.99, description=Waterproof Bluetooth speaker with 12-hour battery ...)">testAddNewProduct({title=Portable Speaker, price=39.99, description=Waterproof Bluetooth speaker with 12-hour battery ...)</a> <!-- method navigator-link -->
                      </span>
                      <br/>
                      <span>
                        <img src="failed.png" width="3%"/>
                        <a href="#" panel-name="suite-Suite" title="testcases.ProductDataDrivenTest" class="method navigator-link" hash-for-method="testAddNewProduct({title=Gaming Keyboard, price=49.99, description=Mechanical gaming keyboard with RGB backlight., ima...)">testAddNewProduct({title=Gaming Keyboard, price=49.99, description=Mechanical gaming keyboard with RGB backlight., ima...)</a> <!-- method navigator-link -->
                      </span>
                      <br/>
                      <span>
                        <img src="failed.png" width="3%"/>
                        <a href="#" panel-name="suite-Suite" title="testcases.ProductDataDrivenTest" class="method navigator-link" hash-for-method="testAddNewProduct({title=Bluetooth Headphones, price=79.99, description=Noise-canceling over-ear headphones with deep ...)">testAddNewProduct({title=Bluetooth Headphones, price=79.99, description=Noise-canceling over-ear headphones with deep ...)</a> <!-- method navigator-link -->
                      </span>
                      <br/>
                      <span>
                        <img src="failed.png" width="3%"/>
                        <a href="#" panel-name="suite-Suite" title="testcases.ProductDataDrivenTest" class="method navigator-link" hash-for-method="testAddNewProduct({title=Wireless Mouse, price=25.99, description=Ergonomic wireless mouse with adjustable DPI., image...)">testAddNewProduct({title=Wireless Mouse, price=25.99, description=Ergonomic wireless mouse with adjustable DPI., image...)</a> <!-- method navigator-link -->
                      </span>
                      <br/>
                      <span>
                        <img src="failed.png" width="3%"/>
                        <a href="#" panel-name="suite-Suite" title="testcases.CartTests" class="method navigator-link" hash-for-method="testCreateCart">testCreateCart</a> <!-- method navigator-link -->
                      </span>
                      <br/>
                      <span>
                        <img src="failed.png" width="3%"/>
                        <a href="#" panel-name="suite-Suite" title="testcases.UserTests" class="method navigator-link" hash-for-method="testCreateUser">testCreateUser</a> <!-- method navigator-link -->
                      </span>
                      <br/>
                      <span>
                        <img src="failed.png" width="3%"/>
                        <a href="#" panel-name="suite-Suite" title="testcases.LoginTests" class="method navigator-link" hash-for-method="testValidUserLogin">testValidUserLogin</a> <!-- method navigator-link -->
                      </span>
                      <br/>
                    </div> <!-- method-list-content failed suite-Suite -->
                  </li>
                  <li>
                    <span class="method-list-title passed">Passed methods</span>
                    <span class="show-or-hide-methods passed">
                      <a href="#" panel-name="suite-Suite" class="hide-methods passed suite-Suite"> (hide)</a> <!-- hide-methods passed suite-Suite -->
                      <a href="#" panel-name="suite-Suite" class="show-methods passed suite-Suite"> (show)</a> <!-- show-methods passed suite-Suite -->
                    </span>
                    <div class="method-list-content passed suite-Suite">
                      <span>
                        <img src="passed.png" width="3%"/>
                        <a href="#" panel-name="suite-Suite" title="testcases.SchemaTests" class="method navigator-link" hash-for-method="testCartSchema">testCartSchema</a> <!-- method navigator-link -->
                      </span>
                      <br/>
                      <span>
                        <img src="passed.png" width="3%"/>
                        <a href="#" panel-name="suite-Suite" title="testcases.CartTests" class="method navigator-link" hash-for-method="testDeleteCart">testDeleteCart</a> <!-- method navigator-link -->
                      </span>
                      <br/>
                      <span>
                        <img src="passed.png" width="3%"/>
                        <a href="#" panel-name="suite-Suite" title="testcases.ProductTests" class="method navigator-link" hash-for-method="testDeleteProduct">testDeleteProduct</a> <!-- method navigator-link -->
                      </span>
                      <br/>
                      <span>
                        <img src="passed.png" width="3%"/>
                        <a href="#" panel-name="suite-Suite" title="testcases.UserTests" class="method navigator-link" hash-for-method="testDeleteUser">testDeleteUser</a> <!-- method navigator-link -->
                      </span>
                      <br/>
                      <span>
                        <img src="passed.png" width="3%"/>
                        <a href="#" panel-name="suite-Suite" title="testcases.CartTests" class="method navigator-link" hash-for-method="testGetAllCarts">testGetAllCarts</a> <!-- method navigator-link -->
                      </span>
                      <br/>
                      <span>
                        <img src="passed.png" width="3%"/>
                        <a href="#" panel-name="suite-Suite" title="testcases.ProductTests" class="method navigator-link" hash-for-method="testGetAllCategories">testGetAllCategories</a> <!-- method navigator-link -->
                      </span>
                      <br/>
                      <span>
                        <img src="passed.png" width="3%"/>
                        <a href="#" panel-name="suite-Suite" title="testcases.ProductTests" class="method navigator-link" hash-for-method="testGetAllProducts">testGetAllProducts</a> <!-- method navigator-link -->
                      </span>
                      <br/>
                      <span>
                        <img src="passed.png" width="3%"/>
                        <a href="#" panel-name="suite-Suite" title="testcases.UserTests" class="method navigator-link" hash-for-method="testGetAllUsers">testGetAllUsers</a> <!-- method navigator-link -->
                      </span>
                      <br/>
                      <span>
                        <img src="passed.png" width="3%"/>
                        <a href="#" panel-name="suite-Suite" title="testcases.CartTests" class="method navigator-link" hash-for-method="testGetCartById">testGetCartById</a> <!-- method navigator-link -->
                      </span>
                      <br/>
                      <span>
                        <img src="passed.png" width="3%"/>
                        <a href="#" panel-name="suite-Suite" title="testcases.CartTests" class="method navigator-link" hash-for-method="testGetCartsByDateRange">testGetCartsByDateRange</a> <!-- method navigator-link -->
                      </span>
                      <br/>
                      <span>
                        <img src="passed.png" width="3%"/>
                        <a href="#" panel-name="suite-Suite" title="testcases.CartTests" class="method navigator-link" hash-for-method="testGetCartsSorted">testGetCartsSorted</a> <!-- method navigator-link -->
                      </span>
                      <br/>
                      <span>
                        <img src="passed.png" width="3%"/>
                        <a href="#" panel-name="suite-Suite" title="testcases.CartTests" class="method navigator-link" hash-for-method="testGetCartsSortedAsc">testGetCartsSortedAsc</a> <!-- method navigator-link -->
                      </span>
                      <br/>
                      <span>
                        <img src="passed.png" width="3%"/>
                        <a href="#" panel-name="suite-Suite" title="testcases.CartTests" class="method navigator-link" hash-for-method="testGetCartsWithLimit">testGetCartsWithLimit</a> <!-- method navigator-link -->
                      </span>
                      <br/>
                      <span>
                        <img src="passed.png" width="3%"/>
                        <a href="#" panel-name="suite-Suite" title="testcases.ProductTests" class="method navigator-link" hash-for-method="testGetLimitedProducts">testGetLimitedProducts</a> <!-- method navigator-link -->
                      </span>
                      <br/>
                      <span>
                        <img src="passed.png" width="3%"/>
                        <a href="#" panel-name="suite-Suite" title="testcases.ProductTests" class="method navigator-link" hash-for-method="testGetProductsByCategory">testGetProductsByCategory</a> <!-- method navigator-link -->
                      </span>
                      <br/>
                      <span>
                        <img src="passed.png" width="3%"/>
                        <a href="#" panel-name="suite-Suite" title="testcases.ProductTests" class="method navigator-link" hash-for-method="testGetSingleProductById">testGetSingleProductById</a> <!-- method navigator-link -->
                      </span>
                      <br/>
                      <span>
                        <img src="passed.png" width="3%"/>
                        <a href="#" panel-name="suite-Suite" title="testcases.ProductTests" class="method navigator-link" hash-for-method="testGetSortedProducts">testGetSortedProducts</a> <!-- method navigator-link -->
                      </span>
                      <br/>
                      <span>
                        <img src="passed.png" width="3%"/>
                        <a href="#" panel-name="suite-Suite" title="testcases.ProductTests" class="method navigator-link" hash-for-method="testGetSortedProductsAsc">testGetSortedProductsAsc</a> <!-- method navigator-link -->
                      </span>
                      <br/>
                      <span>
                        <img src="passed.png" width="3%"/>
                        <a href="#" panel-name="suite-Suite" title="testcases.UserTests" class="method navigator-link" hash-for-method="testGetUserById">testGetUserById</a> <!-- method navigator-link -->
                      </span>
                      <br/>
                      <span>
                        <img src="passed.png" width="3%"/>
                        <a href="#" panel-name="suite-Suite" title="testcases.CartTests" class="method navigator-link" hash-for-method="testGetUserCart">testGetUserCart</a> <!-- method navigator-link -->
                      </span>
                      <br/>
                      <span>
                        <img src="passed.png" width="3%"/>
                        <a href="#" panel-name="suite-Suite" title="testcases.UserTests" class="method navigator-link" hash-for-method="testGetUsersSorted">testGetUsersSorted</a> <!-- method navigator-link -->
                      </span>
                      <br/>
                      <span>
                        <img src="passed.png" width="3%"/>
                        <a href="#" panel-name="suite-Suite" title="testcases.UserTests" class="method navigator-link" hash-for-method="testGetUsersSortedAsc">testGetUsersSortedAsc</a> <!-- method navigator-link -->
                      </span>
                      <br/>
                      <span>
                        <img src="passed.png" width="3%"/>
                        <a href="#" panel-name="suite-Suite" title="testcases.UserTests" class="method navigator-link" hash-for-method="testGetUsersWithLimit">testGetUsersWithLimit</a> <!-- method navigator-link -->
                      </span>
                      <br/>
                      <span>
                        <img src="passed.png" width="3%"/>
                        <a href="#" panel-name="suite-Suite" title="testcases.LoginTests" class="method navigator-link" hash-for-method="testInvalidUserLogin">testInvalidUserLogin</a> <!-- method navigator-link -->
                      </span>
                      <br/>
                      <span>
                        <img src="passed.png" width="3%"/>
                        <a href="#" panel-name="suite-Suite" title="testcases.SchemaTests" class="method navigator-link" hash-for-method="testProductSchema">testProductSchema</a> <!-- method navigator-link -->
                      </span>
                      <br/>
                      <span>
                        <img src="passed.png" width="3%"/>
                        <a href="#" panel-name="suite-Suite" title="testcases.CartTests" class="method navigator-link" hash-for-method="testUpdateCart">testUpdateCart</a> <!-- method navigator-link -->
                      </span>
                      <br/>
                      <span>
                        <img src="passed.png" width="3%"/>
                        <a href="#" panel-name="suite-Suite" title="testcases.ProductTests" class="method navigator-link" hash-for-method="testUpdateProduct">testUpdateProduct</a> <!-- method navigator-link -->
                      </span>
                      <br/>
                      <span>
                        <img src="passed.png" width="3%"/>
                        <a href="#" panel-name="suite-Suite" title="testcases.UserTests" class="method navigator-link" hash-for-method="testUpdateUser">testUpdateUser</a> <!-- method navigator-link -->
                      </span>
                      <br/>
                      <span>
                        <img src="passed.png" width="3%"/>
                        <a href="#" panel-name="suite-Suite" title="testcases.SchemaTests" class="method navigator-link" hash-for-method="testUserSchema">testUserSchema</a> <!-- method navigator-link -->
                      </span>
                      <br/>
                    </div> <!-- method-list-content passed suite-Suite -->
                  </li>
                </ul>
              </div> <!-- suite-section-content -->
            </div> <!-- result-section -->
          </div> <!-- navigator-suite-content -->
        </div> <!-- rounded-window -->
      </div> <!-- suite -->
    </div> <!-- navigator-root -->
    <div class="wrapper">
      <div class="main-panel-root">
        <div panel-name="suite-Suite" class="panel Suite">
          <div class="suite-Suite-class-failed">
            <div class="main-panel-header rounded-window-top">
              <img src="failed.png"/>
              <span class="class-name">testcases.CartTests</span>
            </div> <!-- main-panel-header rounded-window-top -->
            <div class="main-panel-content rounded-window-bottom">
              <div class="method">
                <div class="method-content">
                  <a name="testCreateCart">
                  </a> <!-- testCreateCart -->
                  <span class="method-name">testCreateCart</span>
                  <div class="stack-trace">java.lang.AssertionError: 1 expectation failed.
Expected status code &lt;200&gt; but was &lt;201&gt;.

	at org.codehaus.groovy.runtime.callsite.ConstructorSite$ConstructorSiteNoUnwrapNoCoerce.callConstructor(ConstructorSite.java:108)
	at org.codehaus.groovy.runtime.callsite.AbstractCallSite.callConstructor(AbstractCallSite.java:277)
	at io.restassured.internal.ResponseSpecificationImpl$HamcrestAssertionClosure.validate(ResponseSpecificationImpl.groovy:512)
	at io.restassured.internal.ResponseSpecificationImpl$HamcrestAssertionClosure$validate$1.call(Unknown Source)
	at io.restassured.internal.ResponseSpecificationImpl.validateResponseIfRequired(ResponseSpecificationImpl.groovy:696)
	at io.restassured.internal.ResponseSpecificationImpl.this$2$validateResponseIfRequired(ResponseSpecificationImpl.groovy)
	at org.codehaus.groovy.runtime.callsite.PlainObjectMetaMethodSite.doInvoke(PlainObjectMetaMethodSite.java:43)
	at org.codehaus.groovy.runtime.callsite.PogoMetaMethodSite$PogoCachedMethodSiteNoUnwrapNoCoerce.invoke(PogoMetaMethodSite.java:198)
	at org.codehaus.groovy.runtime.callsite.PogoMetaMethodSite.callCurrent(PogoMetaMethodSite.java:62)
	at org.codehaus.groovy.runtime.callsite.AbstractCallSite.callCurrent(AbstractCallSite.java:185)
	at io.restassured.internal.ResponseSpecificationImpl.statusCode(ResponseSpecificationImpl.groovy:135)
	at io.restassured.specification.ResponseSpecification$statusCode$0.callCurrent(Unknown Source)
	at io.restassured.internal.ResponseSpecificationImpl.statusCode(ResponseSpecificationImpl.groovy:143)
	at io.restassured.internal.ValidatableResponseOptionsImpl.statusCode(ValidatableResponseOptionsImpl.java:89)
	at testcases.CartTests.testCreateCart(CartTests.java:150)
	at java.base/java.util.ArrayList.forEach(ArrayList.java:1596)
... Removed 31 stack frames
</div> <!-- stack-trace -->
                </div> <!-- method-content -->
              </div> <!-- method -->
            </div> <!-- main-panel-content rounded-window-bottom -->
          </div> <!-- suite-Suite-class-failed -->
          <div class="suite-Suite-class-failed">
            <div class="main-panel-header rounded-window-top">
              <img src="failed.png"/>
              <span class="class-name">testcases.LoginTests</span>
            </div> <!-- main-panel-header rounded-window-top -->
            <div class="main-panel-content rounded-window-bottom">
              <div class="method">
                <div class="method-content">
                  <a name="testValidUserLogin">
                  </a> <!-- testValidUserLogin -->
                  <span class="method-name">testValidUserLogin</span>
                  <div class="stack-trace">java.lang.AssertionError: 1 expectation failed.
Expected status code &lt;200&gt; but was &lt;201&gt;.

	at org.codehaus.groovy.runtime.callsite.ConstructorSite$ConstructorSiteNoUnwrapNoCoerce.callConstructor(ConstructorSite.java:108)
	at org.codehaus.groovy.runtime.callsite.CallSiteArray.defaultCallConstructor(CallSiteArray.java:57)
	at org.codehaus.groovy.runtime.callsite.AbstractCallSite.callConstructor(AbstractCallSite.java:263)
	at org.codehaus.groovy.runtime.callsite.AbstractCallSite.callConstructor(AbstractCallSite.java:277)
	at io.restassured.internal.ResponseSpecificationImpl$HamcrestAssertionClosure.validate(ResponseSpecificationImpl.groovy:512)
	at io.restassured.internal.ResponseSpecificationImpl$HamcrestAssertionClosure$validate$1.call(Unknown Source)
	at io.restassured.internal.ResponseSpecificationImpl.validateResponseIfRequired(ResponseSpecificationImpl.groovy:696)
	at io.restassured.internal.ResponseSpecificationImpl.this$2$validateResponseIfRequired(ResponseSpecificationImpl.groovy)
	at org.codehaus.groovy.runtime.callsite.PlainObjectMetaMethodSite.doInvoke(PlainObjectMetaMethodSite.java:43)
	at org.codehaus.groovy.runtime.callsite.PogoMetaMethodSite$PogoCachedMethodSiteNoUnwrapNoCoerce.invoke(PogoMetaMethodSite.java:198)
	at org.codehaus.groovy.runtime.callsite.PogoMetaMethodSite.callCurrent(PogoMetaMethodSite.java:62)
	at org.codehaus.groovy.runtime.callsite.AbstractCallSite.callCurrent(AbstractCallSite.java:185)
	at io.restassured.internal.ResponseSpecificationImpl.statusCode(ResponseSpecificationImpl.groovy:135)
	at io.restassured.specification.ResponseSpecification$statusCode$0.callCurrent(Unknown Source)
	at io.restassured.internal.ResponseSpecificationImpl.statusCode(ResponseSpecificationImpl.groovy:143)
	at io.restassured.internal.ValidatableResponseOptionsImpl.statusCode(ValidatableResponseOptionsImpl.java:89)
	at testcases.LoginTests.testValidUserLogin(LoginTests.java:51)
	at java.base/java.util.ArrayList.forEach(ArrayList.java:1596)
... Removed 31 stack frames
</div> <!-- stack-trace -->
                </div> <!-- method-content -->
              </div> <!-- method -->
            </div> <!-- main-panel-content rounded-window-bottom -->
          </div> <!-- suite-Suite-class-failed -->
          <div class="suite-Suite-class-failed">
            <div class="main-panel-header rounded-window-top">
              <img src="failed.png"/>
              <span class="class-name">testcases.ProductDataDrivenTest</span>
            </div> <!-- main-panel-header rounded-window-top -->
            <div class="main-panel-content rounded-window-bottom">
              <div class="method">
                <div class="method-content">
                  <a name="testAddNewProduct({title=Smart Watch, price=129.99, description=Fitness smartwatch with heart rate monitor and GPS., i...)">
                  </a> <!-- testAddNewProduct({title=Smart Watch, price=129.99, description=Fitness smartwatch with heart rate monitor and GPS., i...) -->
                  <span class="method-name">testAddNewProduct</span>
                  <span class="parameters">({title=Smart Watch, price=129.99, description=Fitness smartwatch with heart rate monitor and GPS., image=https://i.pravatar.cc/103, category=wearables})</span>
                  <div class="stack-trace">java.lang.AssertionError: 1 expectation failed.
Expected status code &lt;200&gt; but was &lt;201&gt;.

	at org.codehaus.groovy.runtime.callsite.ConstructorSite$ConstructorSiteNoUnwrapNoCoerce.callConstructor(ConstructorSite.java:108)
	at org.codehaus.groovy.runtime.callsite.AbstractCallSite.callConstructor(AbstractCallSite.java:277)
	at io.restassured.internal.ResponseSpecificationImpl$HamcrestAssertionClosure.validate(ResponseSpecificationImpl.groovy:512)
	at io.restassured.internal.ResponseSpecificationImpl$HamcrestAssertionClosure$validate$1.call(Unknown Source)
	at io.restassured.internal.ResponseSpecificationImpl.validateResponseIfRequired(ResponseSpecificationImpl.groovy:696)
	at io.restassured.internal.ResponseSpecificationImpl.this$2$validateResponseIfRequired(ResponseSpecificationImpl.groovy)
	at org.codehaus.groovy.runtime.callsite.PlainObjectMetaMethodSite.doInvoke(PlainObjectMetaMethodSite.java:43)
	at org.codehaus.groovy.runtime.callsite.PogoMetaMethodSite$PogoCachedMethodSiteNoUnwrapNoCoerce.invoke(PogoMetaMethodSite.java:198)
	at org.codehaus.groovy.runtime.callsite.PogoMetaMethodSite.callCurrent(PogoMetaMethodSite.java:62)
	at org.codehaus.groovy.runtime.callsite.AbstractCallSite.callCurrent(AbstractCallSite.java:185)
	at io.restassured.internal.ResponseSpecificationImpl.statusCode(ResponseSpecificationImpl.groovy:135)
	at io.restassured.specification.ResponseSpecification$statusCode$0.callCurrent(Unknown Source)
	at io.restassured.internal.ResponseSpecificationImpl.statusCode(ResponseSpecificationImpl.groovy:143)
	at io.restassured.internal.ValidatableResponseOptionsImpl.statusCode(ValidatableResponseOptionsImpl.java:89)
	at testcases.ProductDataDrivenTest.testAddNewProduct(ProductDataDrivenTest.java:40)
	at java.base/java.util.ArrayList.forEach(ArrayList.java:1596)
... Removed 31 stack frames
</div> <!-- stack-trace -->
                </div> <!-- method-content -->
              </div> <!-- method -->
              <div class="method">
                <div class="method-content">
                  <a name="testAddNewProduct({title=Portable Speaker, price=39.99, description=Waterproof Bluetooth speaker with 12-hour battery ...)">
                  </a> <!-- testAddNewProduct({title=Portable Speaker, price=39.99, description=Waterproof Bluetooth speaker with 12-hour battery ...) -->
                  <span class="method-name">testAddNewProduct</span>
                  <span class="parameters">({title=Portable Speaker, price=39.99, description=Waterproof Bluetooth speaker with 12-hour battery life., image=https://i.pravatar.cc/104, category=audio})</span>
                  <div class="stack-trace">java.lang.AssertionError: 1 expectation failed.
Expected status code &lt;200&gt; but was &lt;201&gt;.

	at org.codehaus.groovy.runtime.callsite.ConstructorSite$ConstructorSiteNoUnwrapNoCoerce.callConstructor(ConstructorSite.java:108)
	at org.codehaus.groovy.runtime.callsite.AbstractCallSite.callConstructor(AbstractCallSite.java:277)
	at io.restassured.internal.ResponseSpecificationImpl$HamcrestAssertionClosure.validate(ResponseSpecificationImpl.groovy:512)
	at io.restassured.internal.ResponseSpecificationImpl$HamcrestAssertionClosure$validate$1.call(Unknown Source)
	at io.restassured.internal.ResponseSpecificationImpl.validateResponseIfRequired(ResponseSpecificationImpl.groovy:696)
	at io.restassured.internal.ResponseSpecificationImpl.this$2$validateResponseIfRequired(ResponseSpecificationImpl.groovy)
	at org.codehaus.groovy.runtime.callsite.PlainObjectMetaMethodSite.doInvoke(PlainObjectMetaMethodSite.java:43)
	at org.codehaus.groovy.runtime.callsite.PogoMetaMethodSite$PogoCachedMethodSiteNoUnwrapNoCoerce.invoke(PogoMetaMethodSite.java:198)
	at org.codehaus.groovy.runtime.callsite.PogoMetaMethodSite.callCurrent(PogoMetaMethodSite.java:62)
	at org.codehaus.groovy.runtime.callsite.AbstractCallSite.callCurrent(AbstractCallSite.java:185)
	at io.restassured.internal.ResponseSpecificationImpl.statusCode(ResponseSpecificationImpl.groovy:135)
	at io.restassured.specification.ResponseSpecification$statusCode$0.callCurrent(Unknown Source)
	at io.restassured.internal.ResponseSpecificationImpl.statusCode(ResponseSpecificationImpl.groovy:143)
	at io.restassured.internal.ValidatableResponseOptionsImpl.statusCode(ValidatableResponseOptionsImpl.java:89)
	at testcases.ProductDataDrivenTest.testAddNewProduct(ProductDataDrivenTest.java:40)
	at java.base/java.util.ArrayList.forEach(ArrayList.java:1596)
... Removed 31 stack frames
</div> <!-- stack-trace -->
                </div> <!-- method-content -->
              </div> <!-- method -->
              <div class="method">
                <div class="method-content">
                  <a name="testAddNewProduct({title=Gaming Keyboard, price=49.99, description=Mechanical gaming keyboard with RGB backlight., ima...)">
                  </a> <!-- testAddNewProduct({title=Gaming Keyboard, price=49.99, description=Mechanical gaming keyboard with RGB backlight., ima...) -->
                  <span class="method-name">testAddNewProduct</span>
                  <span class="parameters">({title=Gaming Keyboard, price=49.99, description=Mechanical gaming keyboard with RGB backlight., image=https://i.pravatar.cc/101, category=electronic})</span>
                  <div class="stack-trace">java.lang.AssertionError: 1 expectation failed.
Expected status code &lt;200&gt; but was &lt;201&gt;.

	at org.codehaus.groovy.runtime.callsite.ConstructorSite$ConstructorSiteNoUnwrapNoCoerce.callConstructor(ConstructorSite.java:108)
	at org.codehaus.groovy.runtime.callsite.AbstractCallSite.callConstructor(AbstractCallSite.java:277)
	at io.restassured.internal.ResponseSpecificationImpl$HamcrestAssertionClosure.validate(ResponseSpecificationImpl.groovy:512)
	at io.restassured.internal.ResponseSpecificationImpl$HamcrestAssertionClosure$validate$1.call(Unknown Source)
	at io.restassured.internal.ResponseSpecificationImpl.validateResponseIfRequired(ResponseSpecificationImpl.groovy:696)
	at io.restassured.internal.ResponseSpecificationImpl.this$2$validateResponseIfRequired(ResponseSpecificationImpl.groovy)
	at org.codehaus.groovy.runtime.callsite.PlainObjectMetaMethodSite.doInvoke(PlainObjectMetaMethodSite.java:43)
	at org.codehaus.groovy.runtime.callsite.PogoMetaMethodSite$PogoCachedMethodSiteNoUnwrapNoCoerce.invoke(PogoMetaMethodSite.java:198)
	at org.codehaus.groovy.runtime.callsite.PogoMetaMethodSite.callCurrent(PogoMetaMethodSite.java:62)
	at org.codehaus.groovy.runtime.callsite.AbstractCallSite.callCurrent(AbstractCallSite.java:185)
	at io.restassured.internal.ResponseSpecificationImpl.statusCode(ResponseSpecificationImpl.groovy:135)
	at io.restassured.specification.ResponseSpecification$statusCode$0.callCurrent(Unknown Source)
	at io.restassured.internal.ResponseSpecificationImpl.statusCode(ResponseSpecificationImpl.groovy:143)
	at io.restassured.internal.ValidatableResponseOptionsImpl.statusCode(ValidatableResponseOptionsImpl.java:89)
	at testcases.ProductDataDrivenTest.testAddNewProduct(ProductDataDrivenTest.java:40)
	at java.base/java.util.ArrayList.forEach(ArrayList.java:1596)
... Removed 31 stack frames
</div> <!-- stack-trace -->
                </div> <!-- method-content -->
              </div> <!-- method -->
              <div class="method">
                <div class="method-content">
                  <a name="testAddNewProduct({title=Bluetooth Headphones, price=79.99, description=Noise-canceling over-ear headphones with deep ...)">
                  </a> <!-- testAddNewProduct({title=Bluetooth Headphones, price=79.99, description=Noise-canceling over-ear headphones with deep ...) -->
                  <span class="method-name">testAddNewProduct</span>
                  <span class="parameters">({title=Bluetooth Headphones, price=79.99, description=Noise-canceling over-ear headphones with deep bass., image=https://i.pravatar.cc/102, category=electronics})</span>
                  <div class="stack-trace">java.lang.AssertionError: 1 expectation failed.
Expected status code &lt;200&gt; but was &lt;201&gt;.

	at org.codehaus.groovy.runtime.callsite.ConstructorSite$ConstructorSiteNoUnwrapNoCoerce.callConstructor(ConstructorSite.java:108)
	at org.codehaus.groovy.runtime.callsite.AbstractCallSite.callConstructor(AbstractCallSite.java:277)
	at io.restassured.internal.ResponseSpecificationImpl$HamcrestAssertionClosure.validate(ResponseSpecificationImpl.groovy:512)
	at io.restassured.internal.ResponseSpecificationImpl$HamcrestAssertionClosure$validate$1.call(Unknown Source)
	at io.restassured.internal.ResponseSpecificationImpl.validateResponseIfRequired(ResponseSpecificationImpl.groovy:696)
	at io.restassured.internal.ResponseSpecificationImpl.this$2$validateResponseIfRequired(ResponseSpecificationImpl.groovy)
	at org.codehaus.groovy.runtime.callsite.PlainObjectMetaMethodSite.doInvoke(PlainObjectMetaMethodSite.java:43)
	at org.codehaus.groovy.runtime.callsite.PogoMetaMethodSite$PogoCachedMethodSiteNoUnwrapNoCoerce.invoke(PogoMetaMethodSite.java:198)
	at org.codehaus.groovy.runtime.callsite.PogoMetaMethodSite.callCurrent(PogoMetaMethodSite.java:62)
	at org.codehaus.groovy.runtime.callsite.AbstractCallSite.callCurrent(AbstractCallSite.java:185)
	at io.restassured.internal.ResponseSpecificationImpl.statusCode(ResponseSpecificationImpl.groovy:135)
	at io.restassured.specification.ResponseSpecification$statusCode$0.callCurrent(Unknown Source)
	at io.restassured.internal.ResponseSpecificationImpl.statusCode(ResponseSpecificationImpl.groovy:143)
	at io.restassured.internal.ValidatableResponseOptionsImpl.statusCode(ValidatableResponseOptionsImpl.java:89)
	at testcases.ProductDataDrivenTest.testAddNewProduct(ProductDataDrivenTest.java:40)
	at java.base/java.util.ArrayList.forEach(ArrayList.java:1596)
... Removed 31 stack frames
</div> <!-- stack-trace -->
                </div> <!-- method-content -->
              </div> <!-- method -->
              <div class="method">
                <div class="method-content">
                  <a name="testAddNewProduct({title=Wireless Mouse, price=25.99, description=Ergonomic wireless mouse with adjustable DPI., image...)">
                  </a> <!-- testAddNewProduct({title=Wireless Mouse, price=25.99, description=Ergonomic wireless mouse with adjustable DPI., image...) -->
                  <span class="method-name">testAddNewProduct</span>
                  <span class="parameters">({title=Wireless Mouse, price=25.99, description=Ergonomic wireless mouse with adjustable DPI., image=https://i.pravatar.cc/100, category=electronic})</span>
                  <div class="stack-trace">java.lang.AssertionError: 1 expectation failed.
Expected status code &lt;200&gt; but was &lt;201&gt;.

	at org.codehaus.groovy.runtime.callsite.ConstructorSite$ConstructorSiteNoUnwrapNoCoerce.callConstructor(ConstructorSite.java:108)
	at org.codehaus.groovy.runtime.callsite.AbstractCallSite.callConstructor(AbstractCallSite.java:277)
	at io.restassured.internal.ResponseSpecificationImpl$HamcrestAssertionClosure.validate(ResponseSpecificationImpl.groovy:512)
	at io.restassured.internal.ResponseSpecificationImpl$HamcrestAssertionClosure$validate$1.call(Unknown Source)
	at io.restassured.internal.ResponseSpecificationImpl.validateResponseIfRequired(ResponseSpecificationImpl.groovy:696)
	at io.restassured.internal.ResponseSpecificationImpl.this$2$validateResponseIfRequired(ResponseSpecificationImpl.groovy)
	at org.codehaus.groovy.runtime.callsite.PlainObjectMetaMethodSite.doInvoke(PlainObjectMetaMethodSite.java:43)
	at org.codehaus.groovy.runtime.callsite.PogoMetaMethodSite$PogoCachedMethodSiteNoUnwrapNoCoerce.invoke(PogoMetaMethodSite.java:198)
	at org.codehaus.groovy.runtime.callsite.PogoMetaMethodSite.callCurrent(PogoMetaMethodSite.java:62)
	at org.codehaus.groovy.runtime.callsite.AbstractCallSite.callCurrent(AbstractCallSite.java:185)
	at io.restassured.internal.ResponseSpecificationImpl.statusCode(ResponseSpecificationImpl.groovy:135)
	at io.restassured.specification.ResponseSpecification$statusCode$0.callCurrent(Unknown Source)
	at io.restassured.internal.ResponseSpecificationImpl.statusCode(ResponseSpecificationImpl.groovy:143)
	at io.restassured.internal.ValidatableResponseOptionsImpl.statusCode(ValidatableResponseOptionsImpl.java:89)
	at testcases.ProductDataDrivenTest.testAddNewProduct(ProductDataDrivenTest.java:40)
	at java.base/java.util.ArrayList.forEach(ArrayList.java:1596)
... Removed 31 stack frames
</div> <!-- stack-trace -->
                </div> <!-- method-content -->
              </div> <!-- method -->
            </div> <!-- main-panel-content rounded-window-bottom -->
          </div> <!-- suite-Suite-class-failed -->
          <div class="suite-Suite-class-failed">
            <div class="main-panel-header rounded-window-top">
              <img src="failed.png"/>
              <span class="class-name">testcases.ProductTests</span>
            </div> <!-- main-panel-header rounded-window-top -->
            <div class="main-panel-content rounded-window-bottom">
              <div class="method">
                <div class="method-content">
                  <a name="testAddNewProduct">
                  </a> <!-- testAddNewProduct -->
                  <span class="method-name">testAddNewProduct</span>
                  <div class="stack-trace">java.lang.AssertionError: 1 expectation failed.
Expected status code &lt;200&gt; but was &lt;201&gt;.

	at org.codehaus.groovy.runtime.callsite.ConstructorSite$ConstructorSiteNoUnwrapNoCoerce.callConstructor(ConstructorSite.java:108)
	at org.codehaus.groovy.runtime.callsite.AbstractCallSite.callConstructor(AbstractCallSite.java:277)
	at io.restassured.internal.ResponseSpecificationImpl$HamcrestAssertionClosure.validate(ResponseSpecificationImpl.groovy:512)
	at io.restassured.internal.ResponseSpecificationImpl$HamcrestAssertionClosure$validate$1.call(Unknown Source)
	at io.restassured.internal.ResponseSpecificationImpl.validateResponseIfRequired(ResponseSpecificationImpl.groovy:696)
	at io.restassured.internal.ResponseSpecificationImpl.this$2$validateResponseIfRequired(ResponseSpecificationImpl.groovy)
	at org.codehaus.groovy.runtime.callsite.PlainObjectMetaMethodSite.doInvoke(PlainObjectMetaMethodSite.java:43)
	at org.codehaus.groovy.runtime.callsite.PogoMetaMethodSite$PogoCachedMethodSiteNoUnwrapNoCoerce.invoke(PogoMetaMethodSite.java:198)
	at org.codehaus.groovy.runtime.callsite.PogoMetaMethodSite.callCurrent(PogoMetaMethodSite.java:62)
	at org.codehaus.groovy.runtime.callsite.AbstractCallSite.callCurrent(AbstractCallSite.java:185)
	at io.restassured.internal.ResponseSpecificationImpl.statusCode(ResponseSpecificationImpl.groovy:135)
	at io.restassured.specification.ResponseSpecification$statusCode$0.callCurrent(Unknown Source)
	at io.restassured.internal.ResponseSpecificationImpl.statusCode(ResponseSpecificationImpl.groovy:143)
	at io.restassured.internal.ValidatableResponseOptionsImpl.statusCode(ValidatableResponseOptionsImpl.java:89)
	at testcases.ProductTests.testAddNewProduct(ProductTests.java:151)
	at java.base/java.util.ArrayList.forEach(ArrayList.java:1596)
... Removed 31 stack frames
</div> <!-- stack-trace -->
                </div> <!-- method-content -->
              </div> <!-- method -->
            </div> <!-- main-panel-content rounded-window-bottom -->
          </div> <!-- suite-Suite-class-failed -->
          <div class="suite-Suite-class-failed">
            <div class="main-panel-header rounded-window-top">
              <img src="failed.png"/>
              <span class="class-name">testcases.UserTests</span>
            </div> <!-- main-panel-header rounded-window-top -->
            <div class="main-panel-content rounded-window-bottom">
              <div class="method">
                <div class="method-content">
                  <a name="testCreateUser">
                  </a> <!-- testCreateUser -->
                  <span class="method-name">testCreateUser</span>
                  <div class="stack-trace">java.lang.AssertionError: 1 expectation failed.
Expected status code &lt;200&gt; but was &lt;201&gt;.

	at org.codehaus.groovy.runtime.callsite.ConstructorSite$ConstructorSiteNoUnwrapNoCoerce.callConstructor(ConstructorSite.java:108)
	at org.codehaus.groovy.runtime.callsite.AbstractCallSite.callConstructor(AbstractCallSite.java:277)
	at io.restassured.internal.ResponseSpecificationImpl$HamcrestAssertionClosure.validate(ResponseSpecificationImpl.groovy:512)
	at io.restassured.internal.ResponseSpecificationImpl$HamcrestAssertionClosure$validate$1.call(Unknown Source)
	at io.restassured.internal.ResponseSpecificationImpl.validateResponseIfRequired(ResponseSpecificationImpl.groovy:696)
	at io.restassured.internal.ResponseSpecificationImpl.this$2$validateResponseIfRequired(ResponseSpecificationImpl.groovy)
	at org.codehaus.groovy.runtime.callsite.PlainObjectMetaMethodSite.doInvoke(PlainObjectMetaMethodSite.java:43)
	at org.codehaus.groovy.runtime.callsite.PogoMetaMethodSite$PogoCachedMethodSiteNoUnwrapNoCoerce.invoke(PogoMetaMethodSite.java:198)
	at org.codehaus.groovy.runtime.callsite.PogoMetaMethodSite.callCurrent(PogoMetaMethodSite.java:62)
	at org.codehaus.groovy.runtime.callsite.AbstractCallSite.callCurrent(AbstractCallSite.java:185)
	at io.restassured.internal.ResponseSpecificationImpl.statusCode(ResponseSpecificationImpl.groovy:135)
	at io.restassured.specification.ResponseSpecification$statusCode$0.callCurrent(Unknown Source)
	at io.restassured.internal.ResponseSpecificationImpl.statusCode(ResponseSpecificationImpl.groovy:143)
	at io.restassured.internal.ValidatableResponseOptionsImpl.statusCode(ValidatableResponseOptionsImpl.java:89)
	at testcases.UserTests.testCreateUser(UserTests.java:122)
	at java.base/java.util.ArrayList.forEach(ArrayList.java:1596)
... Removed 31 stack frames
</div> <!-- stack-trace -->
                </div> <!-- method-content -->
              </div> <!-- method -->
            </div> <!-- main-panel-content rounded-window-bottom -->
          </div> <!-- suite-Suite-class-failed -->
          <div class="suite-Suite-class-passed">
            <div class="main-panel-header rounded-window-top">
              <img src="passed.png"/>
              <span class="class-name">testcases.CartTests</span>
            </div> <!-- main-panel-header rounded-window-top -->
            <div class="main-panel-content rounded-window-bottom">
              <div class="method">
                <div class="method-content">
                  <a name="testDeleteCart">
                  </a> <!-- testDeleteCart -->
                  <span class="method-name">testDeleteCart</span>
                </div> <!-- method-content -->
              </div> <!-- method -->
              <div class="method">
                <div class="method-content">
                  <a name="testGetAllCarts">
                  </a> <!-- testGetAllCarts -->
                  <span class="method-name">testGetAllCarts</span>
                </div> <!-- method-content -->
              </div> <!-- method -->
              <div class="method">
                <div class="method-content">
                  <a name="testGetCartById">
                  </a> <!-- testGetCartById -->
                  <span class="method-name">testGetCartById</span>
                </div> <!-- method-content -->
              </div> <!-- method -->
              <div class="method">
                <div class="method-content">
                  <a name="testGetCartsByDateRange">
                  </a> <!-- testGetCartsByDateRange -->
                  <span class="method-name">testGetCartsByDateRange</span>
                </div> <!-- method-content -->
              </div> <!-- method -->
              <div class="method">
                <div class="method-content">
                  <a name="testGetCartsSorted">
                  </a> <!-- testGetCartsSorted -->
                  <span class="method-name">testGetCartsSorted</span>
                </div> <!-- method-content -->
              </div> <!-- method -->
              <div class="method">
                <div class="method-content">
                  <a name="testGetCartsSortedAsc">
                  </a> <!-- testGetCartsSortedAsc -->
                  <span class="method-name">testGetCartsSortedAsc</span>
                </div> <!-- method-content -->
              </div> <!-- method -->
              <div class="method">
                <div class="method-content">
                  <a name="testGetCartsWithLimit">
                  </a> <!-- testGetCartsWithLimit -->
                  <span class="method-name">testGetCartsWithLimit</span>
                </div> <!-- method-content -->
              </div> <!-- method -->
              <div class="method">
                <div class="method-content">
                  <a name="testGetUserCart">
                  </a> <!-- testGetUserCart -->
                  <span class="method-name">testGetUserCart</span>
                </div> <!-- method-content -->
              </div> <!-- method -->
              <div class="method">
                <div class="method-content">
                  <a name="testUpdateCart">
                  </a> <!-- testUpdateCart -->
                  <span class="method-name">testUpdateCart</span>
                </div> <!-- method-content -->
              </div> <!-- method -->
            </div> <!-- main-panel-content rounded-window-bottom -->
          </div> <!-- suite-Suite-class-passed -->
          <div class="suite-Suite-class-passed">
            <div class="main-panel-header rounded-window-top">
              <img src="passed.png"/>
              <span class="class-name">testcases.LoginTests</span>
            </div> <!-- main-panel-header rounded-window-top -->
            <div class="main-panel-content rounded-window-bottom">
              <div class="method">
                <div class="method-content">
                  <a name="testInvalidUserLogin">
                  </a> <!-- testInvalidUserLogin -->
                  <span class="method-name">testInvalidUserLogin</span>
                </div> <!-- method-content -->
              </div> <!-- method -->
            </div> <!-- main-panel-content rounded-window-bottom -->
          </div> <!-- suite-Suite-class-passed -->
          <div class="suite-Suite-class-passed">
            <div class="main-panel-header rounded-window-top">
              <img src="passed.png"/>
              <span class="class-name">testcases.ProductTests</span>
            </div> <!-- main-panel-header rounded-window-top -->
            <div class="main-panel-content rounded-window-bottom">
              <div class="method">
                <div class="method-content">
                  <a name="testDeleteProduct">
                  </a> <!-- testDeleteProduct -->
                  <span class="method-name">testDeleteProduct</span>
                </div> <!-- method-content -->
              </div> <!-- method -->
              <div class="method">
                <div class="method-content">
                  <a name="testGetAllCategories">
                  </a> <!-- testGetAllCategories -->
                  <span class="method-name">testGetAllCategories</span>
                </div> <!-- method-content -->
              </div> <!-- method -->
              <div class="method">
                <div class="method-content">
                  <a name="testGetAllProducts">
                  </a> <!-- testGetAllProducts -->
                  <span class="method-name">testGetAllProducts</span>
                </div> <!-- method-content -->
              </div> <!-- method -->
              <div class="method">
                <div class="method-content">
                  <a name="testGetLimitedProducts">
                  </a> <!-- testGetLimitedProducts -->
                  <span class="method-name">testGetLimitedProducts</span>
                </div> <!-- method-content -->
              </div> <!-- method -->
              <div class="method">
                <div class="method-content">
                  <a name="testGetProductsByCategory">
                  </a> <!-- testGetProductsByCategory -->
                  <span class="method-name">testGetProductsByCategory</span>
                </div> <!-- method-content -->
              </div> <!-- method -->
              <div class="method">
                <div class="method-content">
                  <a name="testGetSingleProductById">
                  </a> <!-- testGetSingleProductById -->
                  <span class="method-name">testGetSingleProductById</span>
                </div> <!-- method-content -->
              </div> <!-- method -->
              <div class="method">
                <div class="method-content">
                  <a name="testGetSortedProducts">
                  </a> <!-- testGetSortedProducts -->
                  <span class="method-name">testGetSortedProducts</span>
                </div> <!-- method-content -->
              </div> <!-- method -->
              <div class="method">
                <div class="method-content">
                  <a name="testGetSortedProductsAsc">
                  </a> <!-- testGetSortedProductsAsc -->
                  <span class="method-name">testGetSortedProductsAsc</span>
                </div> <!-- method-content -->
              </div> <!-- method -->
              <div class="method">
                <div class="method-content">
                  <a name="testUpdateProduct">
                  </a> <!-- testUpdateProduct -->
                  <span class="method-name">testUpdateProduct</span>
                </div> <!-- method-content -->
              </div> <!-- method -->
            </div> <!-- main-panel-content rounded-window-bottom -->
          </div> <!-- suite-Suite-class-passed -->
          <div class="suite-Suite-class-passed">
            <div class="main-panel-header rounded-window-top">
              <img src="passed.png"/>
              <span class="class-name">testcases.SchemaTests</span>
            </div> <!-- main-panel-header rounded-window-top -->
            <div class="main-panel-content rounded-window-bottom">
              <div class="method">
                <div class="method-content">
                  <a name="testCartSchema">
                  </a> <!-- testCartSchema -->
                  <span class="method-name">testCartSchema</span>
                </div> <!-- method-content -->
              </div> <!-- method -->
              <div class="method">
                <div class="method-content">
                  <a name="testProductSchema">
                  </a> <!-- testProductSchema -->
                  <span class="method-name">testProductSchema</span>
                </div> <!-- method-content -->
              </div> <!-- method -->
              <div class="method">
                <div class="method-content">
                  <a name="testUserSchema">
                  </a> <!-- testUserSchema -->
                  <span class="method-name">testUserSchema</span>
                </div> <!-- method-content -->
              </div> <!-- method -->
            </div> <!-- main-panel-content rounded-window-bottom -->
          </div> <!-- suite-Suite-class-passed -->
          <div class="suite-Suite-class-passed">
            <div class="main-panel-header rounded-window-top">
              <img src="passed.png"/>
              <span class="class-name">testcases.UserTests</span>
            </div> <!-- main-panel-header rounded-window-top -->
            <div class="main-panel-content rounded-window-bottom">
              <div class="method">
                <div class="method-content">
                  <a name="testDeleteUser">
                  </a> <!-- testDeleteUser -->
                  <span class="method-name">testDeleteUser</span>
                </div> <!-- method-content -->
              </div> <!-- method -->
              <div class="method">
                <div class="method-content">
                  <a name="testGetAllUsers">
                  </a> <!-- testGetAllUsers -->
                  <span class="method-name">testGetAllUsers</span>
                </div> <!-- method-content -->
              </div> <!-- method -->
              <div class="method">
                <div class="method-content">
                  <a name="testGetUserById">
                  </a> <!-- testGetUserById -->
                  <span class="method-name">testGetUserById</span>
                </div> <!-- method-content -->
              </div> <!-- method -->
              <div class="method">
                <div class="method-content">
                  <a name="testGetUsersSorted">
                  </a> <!-- testGetUsersSorted -->
                  <span class="method-name">testGetUsersSorted</span>
                </div> <!-- method-content -->
              </div> <!-- method -->
              <div class="method">
                <div class="method-content">
                  <a name="testGetUsersSortedAsc">
                  </a> <!-- testGetUsersSortedAsc -->
                  <span class="method-name">testGetUsersSortedAsc</span>
                </div> <!-- method-content -->
              </div> <!-- method -->
              <div class="method">
                <div class="method-content">
                  <a name="testGetUsersWithLimit">
                  </a> <!-- testGetUsersWithLimit -->
                  <span class="method-name">testGetUsersWithLimit</span>
                </div> <!-- method-content -->
              </div> <!-- method -->
              <div class="method">
                <div class="method-content">
                  <a name="testUpdateUser">
                  </a> <!-- testUpdateUser -->
                  <span class="method-name">testUpdateUser</span>
                </div> <!-- method-content -->
              </div> <!-- method -->
            </div> <!-- main-panel-content rounded-window-bottom -->
          </div> <!-- suite-Suite-class-passed -->
        </div> <!-- panel Suite -->
        <div panel-name="test-xml-Suite" class="panel">
          <div class="main-panel-header rounded-window-top">
            <span class="header-content">D:\Personal workspace\RestApiTestGit\testng.xml</span>
          </div> <!-- main-panel-header rounded-window-top -->
          <div class="main-panel-content rounded-window-bottom">
            <pre>
&lt;?xml version=&quot;1.0&quot; encoding=&quot;UTF-8&quot;?&gt;
&lt;!DOCTYPE suite SYSTEM &quot;https://testng.org/testng-1.0.dtd&quot;&gt;
&lt;suite name=&quot;Suite&quot;&gt;
  &lt;test thread-count=&quot;5&quot; name=&quot;Test&quot;&gt;
    &lt;classes&gt;
      &lt;class name=&quot;testcases.LoginTests&quot;/&gt;
      &lt;class name=&quot;testcases.UserTests&quot;/&gt;
      &lt;class name=&quot;testcases.SchemaTests&quot;/&gt;
      &lt;class name=&quot;testcases.ProductTests&quot;/&gt;
      &lt;class name=&quot;testcases.ProductDataDrivenTest&quot;/&gt;
      &lt;class name=&quot;testcases.CartTests&quot;/&gt;
    &lt;/classes&gt;
  &lt;/test&gt; &lt;!-- Test --&gt;
&lt;/suite&gt; &lt;!-- Suite --&gt;
            </pre>
          </div> <!-- main-panel-content rounded-window-bottom -->
        </div> <!-- panel -->
        <div panel-name="testlist-Suite" class="panel">
          <div class="main-panel-header rounded-window-top">
            <span class="header-content">Tests for Suite</span>
          </div> <!-- main-panel-header rounded-window-top -->
          <div class="main-panel-content rounded-window-bottom">
            <ul>
              <li>
                <span class="test-name">Test (6 classes)</span>
              </li>
            </ul>
          </div> <!-- main-panel-content rounded-window-bottom -->
        </div> <!-- panel -->
        <div panel-name="group-Suite" class="panel">
          <div class="main-panel-header rounded-window-top">
            <span class="header-content">Groups for Suite</span>
          </div> <!-- main-panel-header rounded-window-top -->
          <div class="main-panel-content rounded-window-bottom">
          </div> <!-- main-panel-content rounded-window-bottom -->
        </div> <!-- panel -->
        <div panel-name="times-Suite" class="panel">
          <div class="main-panel-header rounded-window-top">
            <span class="header-content">Times for Suite</span>
          </div> <!-- main-panel-header rounded-window-top -->
          <div class="main-panel-content rounded-window-bottom">
            <div class="times-div">
              <script type="text/javascript">
suiteTableInitFunctions.push('tableData_Suite');
function tableData_Suite() {
var data = new google.visualization.DataTable();
data.addColumn('number', 'Number');
data.addColumn('string', 'Method');
data.addColumn('string', 'Class');
data.addColumn('number', 'Time (ms)');
data.addRows(38);
data.setCell(0, 0, 0)
data.setCell(0, 1, 'testInvalidUserLogin')
data.setCell(0, 2, 'testcases.LoginTests')
data.setCell(0, 3, 2038);
data.setCell(1, 0, 1)
data.setCell(1, 1, 'testDeleteCart')
data.setCell(1, 2, 'testcases.CartTests')
data.setCell(1, 3, 1978);
data.setCell(2, 0, 2)
data.setCell(2, 1, 'testGetAllUsers')
data.setCell(2, 2, 'testcases.UserTests')
data.setCell(2, 3, 843);
data.setCell(3, 0, 3)
data.setCell(3, 1, 'testUpdateCart')
data.setCell(3, 2, 'testcases.CartTests')
data.setCell(3, 3, 723);
data.setCell(4, 0, 4)
data.setCell(4, 1, 'testCreateUser')
data.setCell(4, 2, 'testcases.UserTests')
data.setCell(4, 3, 644);
data.setCell(5, 0, 5)
data.setCell(5, 1, 'testCartSchema')
data.setCell(5, 2, 'testcases.SchemaTests')
data.setCell(5, 3, 624);
data.setCell(6, 0, 6)
data.setCell(6, 1, 'testValidUserLogin')
data.setCell(6, 2, 'testcases.LoginTests')
data.setCell(6, 3, 595);
data.setCell(7, 0, 7)
data.setCell(7, 1, 'testUserSchema')
data.setCell(7, 2, 'testcases.SchemaTests')
data.setCell(7, 3, 542);
data.setCell(8, 0, 8)
data.setCell(8, 1, 'testGetUsersSortedAsc')
data.setCell(8, 2, 'testcases.UserTests')
data.setCell(8, 3, 529);
data.setCell(9, 0, 9)
data.setCell(9, 1, 'testDeleteUser')
data.setCell(9, 2, 'testcases.UserTests')
data.setCell(9, 3, 517);
data.setCell(10, 0, 10)
data.setCell(10, 1, 'testGetUserCart')
data.setCell(10, 2, 'testcases.CartTests')
data.setCell(10, 3, 517);
data.setCell(11, 0, 11)
data.setCell(11, 1, 'testGetUsersSorted')
data.setCell(11, 2, 'testcases.UserTests')
data.setCell(11, 3, 516);
data.setCell(12, 0, 12)
data.setCell(12, 1, 'testGetCartsByDateRange')
data.setCell(12, 2, 'testcases.CartTests')
data.setCell(12, 3, 513);
data.setCell(13, 0, 13)
data.setCell(13, 1, 'testGetUserById')
data.setCell(13, 2, 'testcases.UserTests')
data.setCell(13, 3, 504);
data.setCell(14, 0, 14)
data.setCell(14, 1, 'testGetCartsSortedAsc')
data.setCell(14, 2, 'testcases.CartTests')
data.setCell(14, 3, 499);
data.setCell(15, 0, 15)
data.setCell(15, 1, 'testGetCartsSorted')
data.setCell(15, 2, 'testcases.CartTests')
data.setCell(15, 3, 499);
data.setCell(16, 0, 16)
data.setCell(16, 1, 'testGetUsersWithLimit')
data.setCell(16, 2, 'testcases.UserTests')
data.setCell(16, 3, 496);
data.setCell(17, 0, 17)
data.setCell(17, 1, 'testGetAllCarts')
data.setCell(17, 2, 'testcases.CartTests')
data.setCell(17, 3, 496);
data.setCell(18, 0, 18)
data.setCell(18, 1, 'testGetCartsWithLimit')
data.setCell(18, 2, 'testcases.CartTests')
data.setCell(18, 3, 495);
data.setCell(19, 0, 19)
data.setCell(19, 1, 'testGetCartById')
data.setCell(19, 2, 'testcases.CartTests')
data.setCell(19, 3, 486);
data.setCell(20, 0, 20)
data.setCell(20, 1, 'testAddNewProduct')
data.setCell(20, 2, 'testcases.ProductTests')
data.setCell(20, 3, 443);
data.setCell(21, 0, 21)
data.setCell(21, 1, 'testGetSortedProductsAsc')
data.setCell(21, 2, 'testcases.ProductTests')
data.setCell(21, 3, 426);
data.setCell(22, 0, 22)
data.setCell(22, 1, 'testGetSortedProducts')
data.setCell(22, 2, 'testcases.ProductTests')
data.setCell(22, 3, 422);
data.setCell(23, 0, 23)
data.setCell(23, 1, 'testGetAllCategories')
data.setCell(23, 2, 'testcases.ProductTests')
data.setCell(23, 3, 422);
data.setCell(24, 0, 24)
data.setCell(24, 1, 'testGetAllProducts')
data.setCell(24, 2, 'testcases.ProductTests')
data.setCell(24, 3, 417);
data.setCell(25, 0, 25)
data.setCell(25, 1, 'testGetProductsByCategory')
data.setCell(25, 2, 'testcases.ProductTests')
data.setCell(25, 3, 416);
data.setCell(26, 0, 26)
data.setCell(26, 1, 'testGetLimitedProducts')
data.setCell(26, 2, 'testcases.ProductTests')
data.setCell(26, 3, 409);
data.setCell(27, 0, 27)
data.setCell(27, 1, 'testAddNewProduct')
data.setCell(27, 2, 'testcases.ProductDataDrivenTest')
data.setCell(27, 3, 406);
data.setCell(28, 0, 28)
data.setCell(28, 1, 'testUpdateUser')
data.setCell(28, 2, 'testcases.UserTests')
data.setCell(28, 3, 404);
data.setCell(29, 0, 29)
data.setCell(29, 1, 'testCreateCart')
data.setCell(29, 2, 'testcases.CartTests')
data.setCell(29, 3, 400);
data.setCell(30, 0, 30)
data.setCell(30, 1, 'testAddNewProduct')
data.setCell(30, 2, 'testcases.ProductDataDrivenTest')
data.setCell(30, 3, 394);
data.setCell(31, 0, 31)
data.setCell(31, 1, 'testAddNewProduct')
data.setCell(31, 2, 'testcases.ProductDataDrivenTest')
data.setCell(31, 3, 392);
data.setCell(32, 0, 32)
data.setCell(32, 1, 'testUpdateProduct')
data.setCell(32, 2, 'testcases.ProductTests')
data.setCell(32, 3, 391);
data.setCell(33, 0, 33)
data.setCell(33, 1, 'testProductSchema')
data.setCell(33, 2, 'testcases.SchemaTests')
data.setCell(33, 3, 390);
data.setCell(34, 0, 34)
data.setCell(34, 1, 'testAddNewProduct')
data.setCell(34, 2, 'testcases.ProductDataDrivenTest')
data.setCell(34, 3, 384);
data.setCell(35, 0, 35)
data.setCell(35, 1, 'testDeleteProduct')
data.setCell(35, 2, 'testcases.ProductTests')
data.setCell(35, 3, 383);
data.setCell(36, 0, 36)
data.setCell(36, 1, 'testGetSingleProductById')
data.setCell(36, 2, 'testcases.ProductTests')
data.setCell(36, 3, 381);
data.setCell(37, 0, 37)
data.setCell(37, 1, 'testAddNewProduct')
data.setCell(37, 2, 'testcases.ProductDataDrivenTest')
data.setCell(37, 3, 380);
window.suiteTableData['Suite']= { tableData: data, tableDiv: 'times-div-Suite'}
return data;
}
              </script>
              <span class="suite-total-time">Total running time: 21 seconds</span>
              <div id="times-div-Suite">
              </div> <!-- times-div-Suite -->
            </div> <!-- times-div -->
          </div> <!-- main-panel-content rounded-window-bottom -->
        </div> <!-- panel -->
        <div panel-name="reporter-Suite" class="panel">
          <div class="main-panel-header rounded-window-top">
            <span class="header-content">Reporter output for Suite</span>
          </div> <!-- main-panel-header rounded-window-top -->
          <div class="main-panel-content rounded-window-bottom">
          </div> <!-- main-panel-content rounded-window-bottom -->
        </div> <!-- panel -->
        <div panel-name="ignored-methods-Suite" class="panel">
          <div class="main-panel-header rounded-window-top">
            <span class="header-content">0 ignored methods</span>
          </div> <!-- main-panel-header rounded-window-top -->
          <div class="main-panel-content rounded-window-bottom">
          </div> <!-- main-panel-content rounded-window-bottom -->
        </div> <!-- panel -->
        <div panel-name="chronological-Suite" class="panel">
          <div class="main-panel-header rounded-window-top">
            <span class="header-content">Methods in chronological order</span>
          </div> <!-- main-panel-header rounded-window-top -->
          <div class="main-panel-content rounded-window-bottom">
            <div class="chronological-class">
              <div class="chronological-class-name">testcases.LoginTests</div> <!-- chronological-class-name -->
              <div class="configuration-class before">
                <span class="method-name">setup</span>
                <span class="method-start">0 ms</span>
              </div> <!-- configuration-class before -->
              <div class="test-method">
                <span class="method-name">testInvalidUserLogin</span>
                <span class="method-start">244 ms</span>
              </div> <!-- test-method -->
              <div class="test-method">
                <img src="failed.png">
                </img>
                <span class="method-name">testValidUserLogin</span>
                <span class="method-start">2325 ms</span>
              </div> <!-- test-method -->
            </div> <!-- chronological-class -->
            <div class="chronological-class">
              <div class="chronological-class-name">testcases.UserTests</div> <!-- chronological-class-name -->
              <div class="configuration-class before">
                <span class="method-name">setup</span>
                <span class="method-start">2924 ms</span>
              </div> <!-- configuration-class before -->
              <div class="test-method">
                <img src="failed.png">
                </img>
                <span class="method-name">testCreateUser</span>
                <span class="method-start">2926 ms</span>
              </div> <!-- test-method -->
              <div class="test-method">
                <span class="method-name">testDeleteUser</span>
                <span class="method-start">3572 ms</span>
              </div> <!-- test-method -->
              <div class="test-method">
                <span class="method-name">testGetAllUsers</span>
                <span class="method-start">4091 ms</span>
              </div> <!-- test-method -->
              <div class="test-method">
                <span class="method-name">testGetUserById</span>
                <span class="method-start">4936 ms</span>
              </div> <!-- test-method -->
              <div class="test-method">
                <span class="method-name">testGetUsersSorted</span>
                <span class="method-start">5445 ms</span>
              </div> <!-- test-method -->
              <div class="test-method">
                <span class="method-name">testGetUsersSortedAsc</span>
                <span class="method-start">5963 ms</span>
              </div> <!-- test-method -->
              <div class="test-method">
                <span class="method-name">testGetUsersWithLimit</span>
                <span class="method-start">6494 ms</span>
              </div> <!-- test-method -->
              <div class="test-method">
                <span class="method-name">testUpdateUser</span>
                <span class="method-start">6992 ms</span>
              </div> <!-- test-method -->
            </div> <!-- chronological-class -->
            <div class="chronological-class">
              <div class="chronological-class-name">testcases.SchemaTests</div> <!-- chronological-class-name -->
              <div class="configuration-class before">
                <span class="method-name">setup</span>
                <span class="method-start">7398 ms</span>
              </div> <!-- configuration-class before -->
              <div class="test-method">
                <span class="method-name">testCartSchema</span>
                <span class="method-start">7399 ms</span>
              </div> <!-- test-method -->
              <div class="test-method">
                <span class="method-name">testProductSchema</span>
                <span class="method-start">8024 ms</span>
              </div> <!-- test-method -->
              <div class="test-method">
                <span class="method-name">testUserSchema</span>
                <span class="method-start">8415 ms</span>
              </div> <!-- test-method -->
            </div> <!-- chronological-class -->
            <div class="chronological-class">
              <div class="chronological-class-name">testcases.ProductTests</div> <!-- chronological-class-name -->
              <div class="configuration-class before">
                <span class="method-name">setup</span>
                <span class="method-start">8959 ms</span>
              </div> <!-- configuration-class before -->
              <div class="test-method">
                <img src="failed.png">
                </img>
                <span class="method-name">testAddNewProduct</span>
                <span class="method-start">8960 ms</span>
              </div> <!-- test-method -->
              <div class="test-method">
                <span class="method-name">testDeleteProduct</span>
                <span class="method-start">9405 ms</span>
              </div> <!-- test-method -->
              <div class="test-method">
                <span class="method-name">testGetAllCategories</span>
                <span class="method-start">9791 ms</span>
              </div> <!-- test-method -->
              <div class="test-method">
                <span class="method-name">testGetAllProducts</span>
                <span class="method-start">10215 ms</span>
              </div> <!-- test-method -->
              <div class="test-method">
                <span class="method-name">testGetLimitedProducts</span>
                <span class="method-start">10634 ms</span>
              </div> <!-- test-method -->
              <div class="test-method">
                <span class="method-name">testGetProductsByCategory</span>
                <span class="method-start">11045 ms</span>
              </div> <!-- test-method -->
              <div class="test-method">
                <span class="method-name">testGetSingleProductById</span>
                <span class="method-start">11463 ms</span>
              </div> <!-- test-method -->
              <div class="test-method">
                <span class="method-name">testGetSortedProducts</span>
                <span class="method-start">11846 ms</span>
              </div> <!-- test-method -->
              <div class="test-method">
                <span class="method-name">testGetSortedProductsAsc</span>
                <span class="method-start">12270 ms</span>
              </div> <!-- test-method -->
              <div class="test-method">
                <span class="method-name">testUpdateProduct</span>
                <span class="method-start">12697 ms</span>
              </div> <!-- test-method -->
            </div> <!-- chronological-class -->
            <div class="chronological-class">
              <div class="chronological-class-name">testcases.ProductDataDrivenTest</div> <!-- chronological-class-name -->
              <div class="configuration-class before">
                <span class="method-name">setup</span>
                <span class="method-start">13089 ms</span>
              </div> <!-- configuration-class before -->
              <div class="test-method">
                <img src="failed.png">
                </img>
                <span class="method-name">testAddNewProduct({title=Wireless Mouse, price=25.99, description=Ergonomic wireless mouse with adjustable DPI., image...)</span>
                <span class="method-start">13104 ms</span>
              </div> <!-- test-method -->
              <div class="test-method">
                <img src="failed.png">
                </img>
                <span class="method-name">testAddNewProduct({title=Gaming Keyboard, price=49.99, description=Mechanical gaming keyboard with RGB backlight., ima...)</span>
                <span class="method-start">13516 ms</span>
              </div> <!-- test-method -->
              <div class="test-method">
                <img src="failed.png">
                </img>
                <span class="method-name">testAddNewProduct({title=Bluetooth Headphones, price=79.99, description=Noise-canceling over-ear headphones with deep ...)</span>
                <span class="method-start">13905 ms</span>
              </div> <!-- test-method -->
              <div class="test-method">
                <img src="failed.png">
                </img>
                <span class="method-name">testAddNewProduct({title=Smart Watch, price=129.99, description=Fitness smartwatch with heart rate monitor and GPS., i...)</span>
                <span class="method-start">14290 ms</span>
              </div> <!-- test-method -->
              <div class="test-method">
                <img src="failed.png">
                </img>
                <span class="method-name">testAddNewProduct({title=Portable Speaker, price=39.99, description=Waterproof Bluetooth speaker with 12-hour battery ...)</span>
                <span class="method-start">14685 ms</span>
              </div> <!-- test-method -->
            </div> <!-- chronological-class -->
            <div class="chronological-class">
              <div class="chronological-class-name">testcases.CartTests</div> <!-- chronological-class-name -->
              <div class="configuration-class before">
                <span class="method-name">setup</span>
                <span class="method-start">15081 ms</span>
              </div> <!-- configuration-class before -->
              <div class="test-method">
                <img src="failed.png">
                </img>
                <span class="method-name">testCreateCart</span>
                <span class="method-start">15083 ms</span>
              </div> <!-- test-method -->
              <div class="test-method">
                <span class="method-name">testDeleteCart</span>
                <span class="method-start">15487 ms</span>
              </div> <!-- test-method -->
              <div class="test-method">
                <span class="method-name">testGetAllCarts</span>
                <span class="method-start">17467 ms</span>
              </div> <!-- test-method -->
              <div class="test-method">
                <span class="method-name">testGetCartById</span>
                <span class="method-start">17964 ms</span>
              </div> <!-- test-method -->
              <div class="test-method">
                <span class="method-name">testGetCartsByDateRange</span>
                <span class="method-start">18451 ms</span>
              </div> <!-- test-method -->
              <div class="test-method">
                <span class="method-name">testGetCartsSorted</span>
                <span class="method-start">18965 ms</span>
              </div> <!-- test-method -->
              <div class="test-method">
                <span class="method-name">testGetCartsSortedAsc</span>
                <span class="method-start">19465 ms</span>
              </div> <!-- test-method -->
              <div class="test-method">
                <span class="method-name">testGetCartsWithLimit</span>
                <span class="method-start">19965 ms</span>
              </div> <!-- test-method -->
              <div class="test-method">
                <span class="method-name">testGetUserCart</span>
                <span class="method-start">20462 ms</span>
              </div> <!-- test-method -->
              <div class="test-method">
                <span class="method-name">testUpdateCart</span>
                <span class="method-start">20980 ms</span>
              </div> <!-- test-method -->
          </div> <!-- main-panel-content rounded-window-bottom -->
        </div> <!-- panel -->
      </div> <!-- main-panel-root -->
    </div> <!-- wrapper -->
  </body>
<script type="text/javascript" src="testng-reports2.js"></script>
</html>
